19:57:21.726 [main] INFO  org.testng.internal.Utils - [Utils] MethodGroupsHelper.collectMethodsByGroup() took 0 ms.
19:57:21.734 [main] INFO  org.testng.internal.Utils - [Utils] MethodGroupsHelper.sortMethods() took 0 ms.
19:57:21.736 [main] INFO  org.testng.internal.Utils - [Utils] MethodGroupsHelper.collectMethodsByGroup() took 0 ms.
19:57:21.736 [main] INFO  org.testng.internal.Utils - [Utils] MethodGroupsHelper.sortMethods() took 0 ms.
19:57:21.736 [main] INFO  org.testng.internal.Utils - [Utils] MethodGroupsHelper.collectMethodsByGroup() took 0 ms.
19:57:21.737 [main] INFO  org.testng.internal.Utils - [Utils] MethodGroupsHelper.sortMethods() took 0 ms.
19:57:21.739 [main] INFO  org.testng.internal.Utils - [Utils] MethodGroupsHelper.collectMethodsByGroup() took 0 ms.
19:57:21.739 [main] INFO  org.testng.internal.Utils - [Utils] MethodGroupsHelper.sortMethods() took 0 ms.
19:57:21.739 [main] INFO  org.testng.internal.Utils - [Utils] MethodGroupsHelper.collectMethodsByGroup() took 0 ms.
19:57:21.740 [main] INFO  org.testng.internal.Utils - [Utils] MethodGroupsHelper.sortMethods() took 0 ms.
19:57:21.743 [main] INFO  org.testng.internal.Utils - [Utils] MethodGroupsHelper.collectMethodsByGroup() took 0 ms.
19:57:21.743 [main] INFO  org.testng.internal.Utils - [Utils] MethodGroupsHelper.sortMethods() took 0 ms.
19:57:21.743 [main] INFO  org.testng.internal.Utils - [Utils] MethodGroupsHelper.collectMethodsByGroup() took 0 ms.
19:57:21.743 [main] INFO  org.testng.internal.Utils - [Utils] MethodGroupsHelper.sortMethods() took 0 ms.
19:57:21.744 [main] INFO  org.testng.internal.Utils - [Utils] MethodGroupsHelper.collectMethodsByGroup() took 0 ms.
19:57:21.745 [main] INFO  org.testng.internal.Utils - [Utils] MethodGroupsHelper.sortMethods() took 0 ms.
19:57:21.746 [main] INFO  org.testng.internal.Utils - [Utils] MethodGroupsHelper.collectMethodsByGroup() took 0 ms.
19:57:21.746 [main] INFO  org.testng.internal.Utils - [Utils] MethodGroupsHelper.sortMethods() took 0 ms.
19:57:21.746 [main] INFO  org.testng.internal.Utils - [Utils] MethodGroupsHelper.collectMethodsByGroup() took 0 ms.
19:57:21.747 [main] INFO  org.testng.internal.Utils - [Utils] MethodGroupsHelper.sortMethods() took 0 ms.
19:57:21.752 [main] INFO  org.testng.internal.Utils - [TestNG] Running:
  /private/var/folders/4n/zwmcxgy12dbccsmx1h1jwm640000gn/T/testng-eclipse-2117471812/testng-customsuite.xml

19:57:21.767 [main] INFO  org.testng.internal.Utils - [Utils] DynamicGraphHelper.createDynamicGraph() took 2 ms.
19:57:22.646 [main] INFO  org.testng.internal.Utils - [TestNG] Time taken by org.testng.reporters.jq.Main@73877e19: 46 ms
19:57:22.653 [main] INFO  org.testng.internal.Utils - [TestNG] Time taken by org.testng.reporters.FailedReporter@79a1728c: 7 ms
19:57:22.661 [main] INFO  org.testng.internal.Utils - [TestNG] Time taken by org.testng.reporters.XMLReporter@4bee18dc: 8 ms
19:57:22.668 [main] INFO  org.testng.internal.Utils - [TestNG] Time taken by org.testng.reporters.EmailableReporter2@5c92166b: 7 ms
19:57:22.673 [main] INFO  org.testng.internal.Utils - [TestNG] Time taken by org.testng.reporters.JUnitReportReporter@659a2455: 5 ms
19:57:22.673 [main] INFO  org.testng.internal.Utils - [TestNG] Time taken by org.testng.internal.ExitCodeListener@267517e4: 0 ms
19:57:39.044 [main] INFO  org.testng.internal.Utils - [TestNG] Running:
  /Users/santoshkumarmedisetty/eclipse-workspace/OpenCartV1/master.xml

19:57:43.353 [main] INFO  testCases.TC003_LoginDDT - **************** TC003_Started verifying login test **********
19:57:50.500 [main] INFO  testCases.TC003_LoginDDT - --------- Entered Valid if condition ------
19:57:53.111 [main] INFO  testCases.TC003_LoginDDT - --------- Able to click My account option  ------
19:57:55.173 [main] INFO  testCases.TC003_LoginDDT - --------- Able to click options menu  ------
19:57:58.368 [main] INFO  testCases.TC003_LoginDDT - --------- Able to click signout option  ------
19:57:58.370 [main] INFO  testCases.TC003_LoginDDT - ****************  Verifying login test from TC003 is finished **********
19:57:58.375 [main] INFO  testCases.TC003_LoginDDT - **************** TC003_Started verifying login test **********
19:58:05.557 [main] INFO  testCases.TC003_LoginDDT - --------- Entered Valid if condition ------
19:58:08.391 [main] INFO  testCases.TC003_LoginDDT - --------- Able to click My account option  ------
19:58:10.465 [main] INFO  testCases.TC003_LoginDDT - --------- Able to click options menu  ------
19:58:13.507 [main] INFO  testCases.TC003_LoginDDT - --------- Able to click signout option  ------
19:58:13.507 [main] INFO  testCases.TC003_LoginDDT - ****************  Verifying login test from TC003 is finished **********
19:58:13.510 [main] INFO  testCases.TC003_LoginDDT - **************** TC003_Started verifying login test **********
19:58:40.155 [main] INFO  testCases.TC003_LoginDDT - ****************  Verifying login test from TC003 is finished **********
19:58:40.158 [main] INFO  testCases.TC003_LoginDDT - **************** TC003_Started verifying login test **********
